{"C:\\Users\\Yevh\\OneDrive\\Documents\\GitHub\\PracticeFrontEnd\\homework44unitTest\\my-react-vite-app\\mocks\\fileMock.js": {"path":"C:\\Users\\Yevh\\OneDrive\\Documents\\GitHub\\PracticeFrontEnd\\homework44unitTest\\my-react-vite-app\\mocks\\fileMock.js","statementMap":{"0":{"start":{"line":1,"column":0},"end":{"line":1,"column":34}}},"fnMap":{},"branchMap":{},"s":{"0":1},"f":{},"b":{},"_coverageSchema":"1a1c01bbd47fc00a2c39e90264f33305004495a9","hash":"f422a6dff5e9cd46781d8db2aa7d5b84ee24614a"}
,"C:\\Users\\Yevh\\OneDrive\\Documents\\GitHub\\PracticeFrontEnd\\homework44unitTest\\my-react-vite-app\\src\\components\\TodoList\\TodoList.jsx": {"path":"C:\\Users\\Yevh\\OneDrive\\Documents\\GitHub\\PracticeFrontEnd\\homework44unitTest\\my-react-vite-app\\src\\components\\TodoList\\TodoList.jsx","statementMap":{"0":{"start":{"line":6,"column":17},"end":{"line":60,"column":1}},"1":{"start":{"line":7,"column":28},"end":{"line":7,"column":40}},"2":{"start":{"line":8,"column":38},"end":{"line":8,"column":50}},"3":{"start":{"line":10,"column":24},"end":{"line":19,"column":3}},"4":{"start":{"line":11,"column":4},"end":{"line":18,"column":5}},"5":{"start":{"line":12,"column":22},"end":{"line":15,"column":7}},"6":{"start":{"line":16,"column":6},"end":{"line":16,"column":36}},"7":{"start":{"line":17,"column":6},"end":{"line":17,"column":24}},"8":{"start":{"line":21,"column":27},"end":{"line":24,"column":3}},"9":{"start":{"line":22,"column":25},"end":{"line":22,"column":61}},"10":{"start":{"line":22,"column":46},"end":{"line":22,"column":60}},"11":{"start":{"line":23,"column":4},"end":{"line":23,"column":27}},"12":{"start":{"line":26,"column":28},"end":{"line":28,"column":3}},"13":{"start":{"line":27,"column":4},"end":{"line":27,"column":34}},"14":{"start":{"line":30,"column":24},"end":{"line":34,"column":3}},"15":{"start":{"line":31,"column":4},"end":{"line":33,"column":5}},"16":{"start":{"line":32,"column":6},"end":{"line":32,"column":22}},"17":{"start":{"line":36,"column":2},"end":{"line":59,"column":4}},"18":{"start":{"line":50,"column":10},"end":{"line":55,"column":15}},"19":{"start":{"line":53,"column":37},"end":{"line":53,"column":62}}},"fnMap":{"0":{"name":"(anonymous_0)","decl":{"start":{"line":6,"column":17},"end":{"line":6,"column":18}},"loc":{"start":{"line":6,"column":23},"end":{"line":60,"column":1}},"line":6},"1":{"name":"(anonymous_1)","decl":{"start":{"line":10,"column":24},"end":{"line":10,"column":25}},"loc":{"start":{"line":10,"column":30},"end":{"line":19,"column":3}},"line":10},"2":{"name":"(anonymous_2)","decl":{"start":{"line":21,"column":27},"end":{"line":21,"column":28}},"loc":{"start":{"line":21,"column":35},"end":{"line":24,"column":3}},"line":21},"3":{"name":"(anonymous_3)","decl":{"start":{"line":22,"column":38},"end":{"line":22,"column":39}},"loc":{"start":{"line":22,"column":46},"end":{"line":22,"column":60}},"line":22},"4":{"name":"(anonymous_4)","decl":{"start":{"line":26,"column":28},"end":{"line":26,"column":29}},"loc":{"start":{"line":26,"column":35},"end":{"line":28,"column":3}},"line":26},"5":{"name":"(anonymous_5)","decl":{"start":{"line":30,"column":24},"end":{"line":30,"column":25}},"loc":{"start":{"line":30,"column":31},"end":{"line":34,"column":3}},"line":30},"6":{"name":"(anonymous_6)","decl":{"start":{"line":49,"column":19},"end":{"line":49,"column":20}},"loc":{"start":{"line":50,"column":10},"end":{"line":55,"column":15}},"line":50},"7":{"name":"(anonymous_7)","decl":{"start":{"line":53,"column":31},"end":{"line":53,"column":32}},"loc":{"start":{"line":53,"column":37},"end":{"line":53,"column":62}},"line":53}},"branchMap":{"0":{"loc":{"start":{"line":11,"column":4},"end":{"line":18,"column":5}},"type":"if","locations":[{"start":{"line":11,"column":4},"end":{"line":18,"column":5}},{"start":{},"end":{}}],"line":11},"1":{"loc":{"start":{"line":31,"column":4},"end":{"line":33,"column":5}},"type":"if","locations":[{"start":{"line":31,"column":4},"end":{"line":33,"column":5}},{"start":{},"end":{}}],"line":31}},"s":{"0":1,"1":14,"2":14,"3":14,"4":4,"5":4,"6":4,"7":4,"8":14,"9":1,"10":1,"11":1,"12":14,"13":4,"14":14,"15":1,"16":1,"17":14,"18":4,"19":1},"f":{"0":14,"1":4,"2":1,"3":1,"4":4,"5":1,"6":4,"7":1},"b":{"0":[4,0],"1":[1,0]},"_coverageSchema":"1a1c01bbd47fc00a2c39e90264f33305004495a9","hash":"89c5c9a415f5c6d4dd484bd4152b4662f433335d"}
}
