TN:
SF:mocks\fileMock.js
FNF:0
FNH:0
DA:1,1
LF:1
LH:1
BRF:0
BRH:0
end_of_record
TN:
SF:src\components\TodoList\TodoList.jsx
FN:6,(anonymous_0)
FN:10,(anonymous_1)
FN:21,(anonymous_2)
FN:22,(anonymous_3)
FN:26,(anonymous_4)
FN:30,(anonymous_5)
FN:49,(anonymous_6)
FN:53,(anonymous_7)
FNF:8
FNH:8
FNDA:14,(anonymous_0)
FNDA:4,(anonymous_1)
FNDA:1,(anonymous_2)
FNDA:1,(anonymous_3)
FNDA:4,(anonymous_4)
FNDA:1,(anonymous_5)
FNDA:4,(anonymous_6)
FNDA:1,(anonymous_7)
DA:6,1
DA:7,14
DA:8,14
DA:10,14
DA:11,4
DA:12,4
DA:16,4
DA:17,4
DA:21,14
DA:22,1
DA:23,1
DA:26,14
DA:27,4
DA:30,14
DA:31,1
DA:32,1
DA:36,14
DA:50,4
DA:53,1
LF:19
LH:19
BRDA:11,0,0,4
BRDA:11,0,1,0
BRDA:31,1,0,1
BRDA:31,1,1,0
BRF:4
BRH:2
end_of_record
